This file contains any messages produced by compilers while
running configure, to aid debugging if configure makes a mistake.

It was created by configure, which was
generated by GNU Autoconf 2.59.  Invocation command line was

  $ ./configure --with-linux

## --------- ##
## Platform. ##
## --------- ##

hostname = blake-desktop
uname -m = i686
uname -r = 2.6.24-26-generic
uname -s = Linux
uname -v = #1 SMP Tue Dec 1 18:37:31 UTC 2009

/usr/bin/uname -p = unknown
/bin/uname -X     = unknown

/bin/arch              = unknown
/usr/bin/arch -k       = unknown
/usr/convex/getsysinfo = unknown
hostinfo               = unknown
/bin/machine           = unknown
/usr/bin/oslevel       = unknown
/bin/universe          = unknown

PATH: /usr/local/sbin
PATH: /usr/local/bin
PATH: /usr/sbin
PATH: /usr/bin
PATH: /sbin
PATH: /bin
PATH: /usr/games


## ----------- ##
## Core tests. ##
## ----------- ##

configure:1558: checking for a BSD-compatible install
configure:1613: result: /usr/bin/install -c
configure:1624: checking whether build environment is sane
configure:1667: result: yes
configure:1732: checking for gawk
configure:1748: found /usr/bin/gawk
configure:1758: result: gawk
configure:1768: checking whether make sets $(MAKE)
configure:1788: result: yes
configure:1971: checking for style of include used by make
configure:1999: result: GNU
configure:2070: checking for gcc
configure:2086: found /usr/bin/gcc
configure:2096: result: gcc
configure:2340: checking for C compiler version
configure:2343: gcc --version </dev/null >&5
gcc (GCC) 4.2.4 (Ubuntu 4.2.4-1ubuntu4)
Copyright (C) 2007 Free Software Foundation, Inc.
This is free software; see the source for copying conditions.  There is NO
warranty; not even for MERCHANTABILITY or FITNESS FOR A PARTICULAR PURPOSE.

configure:2346: $? = 0
configure:2348: gcc -v </dev/null >&5
Using built-in specs.
Target: i486-linux-gnu
Configured with: ../src/configure -v --enable-languages=c,c++,fortran,objc,obj-c++,treelang --prefix=/usr --enable-shared --with-system-zlib --libexecdir=/usr/lib --without-included-gettext --enable-threads=posix --enable-nls --with-gxx-include-dir=/usr/include/c++/4.2 --program-suffix=-4.2 --enable-clocale=gnu --enable-libstdcxx-debug --enable-objc-gc --enable-mpfr --enable-targets=all --enable-checking=release --build=i486-linux-gnu --host=i486-linux-gnu --target=i486-linux-gnu
Thread model: posix
gcc version 4.2.4 (Ubuntu 4.2.4-1ubuntu4)
configure:2351: $? = 0
configure:2353: gcc -V </dev/null >&5
gcc: '-V' option must have argument
configure:2356: $? = 1
configure:2379: checking for C compiler default output file name
configure:2382: gcc    conftest.c  >&5
configure:2385: $? = 0
configure:2431: result: a.out
configure:2436: checking whether the C compiler works
configure:2442: ./a.out
configure:2445: $? = 0
configure:2462: result: yes
configure:2469: checking whether we are cross compiling
configure:2471: result: no
configure:2474: checking for suffix of executables
configure:2476: gcc -o conftest    conftest.c  >&5
configure:2479: $? = 0
configure:2504: result: 
configure:2510: checking for suffix of object files
configure:2531: gcc -c   conftest.c >&5
configure:2534: $? = 0
configure:2556: result: o
configure:2560: checking whether we are using the GNU C compiler
configure:2584: gcc -c   conftest.c >&5
configure:2590: $? = 0
configure:2594: test -z 
			 || test ! -s conftest.err
configure:2597: $? = 0
configure:2600: test -s conftest.o
configure:2603: $? = 0
configure:2616: result: yes
configure:2622: checking whether gcc accepts -g
configure:2643: gcc -c -g  conftest.c >&5
configure:2649: $? = 0
configure:2653: test -z 
			 || test ! -s conftest.err
configure:2656: $? = 0
configure:2659: test -s conftest.o
configure:2662: $? = 0
configure:2673: result: yes
configure:2690: checking for gcc option to accept ANSI C
configure:2760: gcc  -c -g -O2  conftest.c >&5
configure:2766: $? = 0
configure:2770: test -z 
			 || test ! -s conftest.err
configure:2773: $? = 0
configure:2776: test -s conftest.o
configure:2779: $? = 0
configure:2797: result: none needed
configure:2815: gcc -c -g -O2  conftest.c >&5
conftest.c:2: error: expected '=', ',', ';', 'asm' or '__attribute__' before 'me'
configure:2821: $? = 1
configure: failed program was:
| #ifndef __cplusplus
|   choke me
| #endif
configure:2956: checking dependency style of gcc
configure:3046: result: gcc3
configure:3064: checking whether basename is declared
configure:3089: gcc -c -g -O2  conftest.c >&5
configure:3095: $? = 0
configure:3099: test -z 
			 || test ! -s conftest.err
configure:3102: $? = 0
configure:3105: test -s conftest.o
configure:3108: $? = 0
configure:3119: result: yes
configure:3178: checking for ranlib
configure:3194: found /usr/bin/ranlib
configure:3205: result: ranlib
configure:3295: checking build system type
configure:3313: result: i686-pc-linux-gnu
configure:3321: checking host system type
configure:3335: result: i686-pc-linux-gnu
configure:3343: checking for a sed that does not truncate output
configure:3397: result: /bin/sed
configure:3400: checking for egrep
configure:3410: result: grep -E
configure:3426: checking for ld used by gcc
configure:3493: result: /usr/bin/ld
configure:3502: checking if the linker (/usr/bin/ld) is GNU ld
configure:3517: result: yes
configure:3522: checking for /usr/bin/ld option to reload object files
configure:3529: result: -r
configure:3547: checking for BSD-compatible nm
configure:3596: result: /usr/bin/nm -B
configure:3600: checking whether ln -s works
configure:3604: result: yes
configure:3611: checking how to recognise dependent libraries
configure:3787: result: pass_all
configure:4023: checking how to run the C preprocessor
configure:4058: gcc -E  conftest.c
configure:4064: $? = 0
configure:4096: gcc -E  conftest.c
conftest.c:12:28: error: ac_nonexistent.h: No such file or directory
configure:4102: $? = 1
configure: failed program was:
| /* confdefs.h.  */
| 
| #define PACKAGE_NAME ""
| #define PACKAGE_TARNAME ""
| #define PACKAGE_VERSION ""
| #define PACKAGE_STRING ""
| #define PACKAGE_BUGREPORT ""
| #define PACKAGE "oprofile"
| #define VERSION "0.9.6"
| #define HAVE_DECL_BASENAME 1
| /* end confdefs.h.  */
| #include <ac_nonexistent.h>
configure:4141: result: gcc -E
configure:4165: gcc -E  conftest.c
configure:4171: $? = 0
configure:4203: gcc -E  conftest.c
conftest.c:12:28: error: ac_nonexistent.h: No such file or directory
configure:4209: $? = 1
configure: failed program was:
| /* confdefs.h.  */
| 
| #define PACKAGE_NAME ""
| #define PACKAGE_TARNAME ""
| #define PACKAGE_VERSION ""
| #define PACKAGE_STRING ""
| #define PACKAGE_BUGREPORT ""
| #define PACKAGE "oprofile"
| #define VERSION "0.9.6"
| #define HAVE_DECL_BASENAME 1
| /* end confdefs.h.  */
| #include <ac_nonexistent.h>
configure:4253: checking for ANSI C header files
configure:4278: gcc -c -g -O2  conftest.c >&5
configure:4284: $? = 0
configure:4288: test -z 
			 || test ! -s conftest.err
configure:4291: $? = 0
configure:4294: test -s conftest.o
configure:4297: $? = 0
configure:4386: gcc -o conftest -g -O2   conftest.c  >&5
conftest.c: In function 'main':
conftest.c:29: warning: incompatible implicit declaration of built-in function 'exit'
configure:4389: $? = 0
configure:4391: ./conftest
configure:4394: $? = 0
configure:4409: result: yes
configure:4433: checking for sys/types.h
configure:4449: gcc -c -g -O2  conftest.c >&5
configure:4455: $? = 0
configure:4459: test -z 
			 || test ! -s conftest.err
configure:4462: $? = 0
configure:4465: test -s conftest.o
configure:4468: $? = 0
configure:4479: result: yes
configure:4433: checking for sys/stat.h
configure:4449: gcc -c -g -O2  conftest.c >&5
configure:4455: $? = 0
configure:4459: test -z 
			 || test ! -s conftest.err
configure:4462: $? = 0
configure:4465: test -s conftest.o
configure:4468: $? = 0
configure:4479: result: yes
configure:4433: checking for stdlib.h
configure:4449: gcc -c -g -O2  conftest.c >&5
configure:4455: $? = 0
configure:4459: test -z 
			 || test ! -s conftest.err
configure:4462: $? = 0
configure:4465: test -s conftest.o
configure:4468: $? = 0
configure:4479: result: yes
configure:4433: checking for string.h
configure:4449: gcc -c -g -O2  conftest.c >&5
configure:4455: $? = 0
configure:4459: test -z 
			 || test ! -s conftest.err
configure:4462: $? = 0
configure:4465: test -s conftest.o
configure:4468: $? = 0
configure:4479: result: yes
configure:4433: checking for memory.h
configure:4449: gcc -c -g -O2  conftest.c >&5
configure:4455: $? = 0
configure:4459: test -z 
			 || test ! -s conftest.err
configure:4462: $? = 0
configure:4465: test -s conftest.o
configure:4468: $? = 0
configure:4479: result: yes
configure:4433: checking for strings.h
configure:4449: gcc -c -g -O2  conftest.c >&5
configure:4455: $? = 0
configure:4459: test -z 
			 || test ! -s conftest.err
configure:4462: $? = 0
configure:4465: test -s conftest.o
configure:4468: $? = 0
configure:4479: result: yes
configure:4433: checking for inttypes.h
configure:4449: gcc -c -g -O2  conftest.c >&5
configure:4455: $? = 0
configure:4459: test -z 
			 || test ! -s conftest.err
configure:4462: $? = 0
configure:4465: test -s conftest.o
configure:4468: $? = 0
configure:4479: result: yes
configure:4433: checking for stdint.h
configure:4449: gcc -c -g -O2  conftest.c >&5
configure:4455: $? = 0
configure:4459: test -z 
			 || test ! -s conftest.err
configure:4462: $? = 0
configure:4465: test -s conftest.o
configure:4468: $? = 0
configure:4479: result: yes
configure:4433: checking for unistd.h
configure:4449: gcc -c -g -O2  conftest.c >&5
configure:4455: $? = 0
configure:4459: test -z 
			 || test ! -s conftest.err
configure:4462: $? = 0
configure:4465: test -s conftest.o
configure:4468: $? = 0
configure:4479: result: yes
configure:4505: checking dlfcn.h usability
configure:4517: gcc -c -g -O2  conftest.c >&5
configure:4523: $? = 0
configure:4527: test -z 
			 || test ! -s conftest.err
configure:4530: $? = 0
configure:4533: test -s conftest.o
configure:4536: $? = 0
configure:4546: result: yes
configure:4550: checking dlfcn.h presence
configure:4560: gcc -E  conftest.c
configure:4566: $? = 0
configure:4586: result: yes
configure:4621: checking for dlfcn.h
configure:4628: result: yes
configure:4693: checking for g++
configure:4709: found /usr/bin/g++
configure:4719: result: g++
configure:4735: checking for C++ compiler version
configure:4738: g++ --version </dev/null >&5
g++ (GCC) 4.2.4 (Ubuntu 4.2.4-1ubuntu4)
Copyright (C) 2007 Free Software Foundation, Inc.
This is free software; see the source for copying conditions.  There is NO
warranty; not even for MERCHANTABILITY or FITNESS FOR A PARTICULAR PURPOSE.

configure:4741: $? = 0
configure:4743: g++ -v </dev/null >&5
Using built-in specs.
Target: i486-linux-gnu
Configured with: ../src/configure -v --enable-languages=c,c++,fortran,objc,obj-c++,treelang --prefix=/usr --enable-shared --with-system-zlib --libexecdir=/usr/lib --without-included-gettext --enable-threads=posix --enable-nls --with-gxx-include-dir=/usr/include/c++/4.2 --program-suffix=-4.2 --enable-clocale=gnu --enable-libstdcxx-debug --enable-objc-gc --enable-mpfr --enable-targets=all --enable-checking=release --build=i486-linux-gnu --host=i486-linux-gnu --target=i486-linux-gnu
Thread model: posix
gcc version 4.2.4 (Ubuntu 4.2.4-1ubuntu4)
configure:4746: $? = 0
configure:4748: g++ -V </dev/null >&5
g++: '-V' option must have argument
configure:4751: $? = 1
configure:4754: checking whether we are using the GNU C++ compiler
configure:4778: g++ -c   conftest.cc >&5
configure:4784: $? = 0
configure:4788: test -z 
			 || test ! -s conftest.err
configure:4791: $? = 0
configure:4794: test -s conftest.o
configure:4797: $? = 0
configure:4810: result: yes
configure:4816: checking whether g++ accepts -g
configure:4837: g++ -c -g  conftest.cc >&5
configure:4843: $? = 0
configure:4847: test -z 
			 || test ! -s conftest.err
configure:4850: $? = 0
configure:4853: test -s conftest.o
configure:4856: $? = 0
configure:4867: result: yes
configure:4909: g++ -c -g -O2  conftest.cc >&5
configure:4915: $? = 0
configure:4919: test -z 
			 || test ! -s conftest.err
configure:4922: $? = 0
configure:4925: test -s conftest.o
configure:4928: $? = 0
configure:4954: g++ -c -g -O2  conftest.cc >&5
conftest.cc: In function 'int main()':
conftest.cc:27: error: 'exit' was not declared in this scope
configure:4960: $? = 1
configure: failed program was:
| /* confdefs.h.  */
| 
| #define PACKAGE_NAME ""
| #define PACKAGE_TARNAME ""
| #define PACKAGE_VERSION ""
| #define PACKAGE_STRING ""
| #define PACKAGE_BUGREPORT ""
| #define PACKAGE "oprofile"
| #define VERSION "0.9.6"
| #define HAVE_DECL_BASENAME 1
| #define STDC_HEADERS 1
| #define HAVE_SYS_TYPES_H 1
| #define HAVE_SYS_STAT_H 1
| #define HAVE_STDLIB_H 1
| #define HAVE_STRING_H 1
| #define HAVE_MEMORY_H 1
| #define HAVE_STRINGS_H 1
| #define HAVE_INTTYPES_H 1
| #define HAVE_STDINT_H 1
| #define HAVE_UNISTD_H 1
| #define HAVE_DLFCN_H 1
| /* end confdefs.h.  */
| 
| int
| main ()
| {
| exit (42);
|   ;
|   return 0;
| }
configure:4909: g++ -c -g -O2  conftest.cc >&5
conftest.cc:23: error: 'void std::exit(int)' should have been declared inside 'std'
configure:4915: $? = 1
configure: failed program was:
| /* confdefs.h.  */
| 
| #define PACKAGE_NAME ""
| #define PACKAGE_TARNAME ""
| #define PACKAGE_VERSION ""
| #define PACKAGE_STRING ""
| #define PACKAGE_BUGREPORT ""
| #define PACKAGE "oprofile"
| #define VERSION "0.9.6"
| #define HAVE_DECL_BASENAME 1
| #define STDC_HEADERS 1
| #define HAVE_SYS_TYPES_H 1
| #define HAVE_SYS_STAT_H 1
| #define HAVE_STDLIB_H 1
| #define HAVE_STRING_H 1
| #define HAVE_MEMORY_H 1
| #define HAVE_STRINGS_H 1
| #define HAVE_INTTYPES_H 1
| #define HAVE_STDINT_H 1
| #define HAVE_UNISTD_H 1
| #define HAVE_DLFCN_H 1
| /* end confdefs.h.  */
| extern "C" void std::exit (int) throw (); using std::exit;
| #include <stdlib.h>
| int
| main ()
| {
| exit (42);
|   ;
|   return 0;
| }
configure:4909: g++ -c -g -O2  conftest.cc >&5
conftest.cc:23: error: 'void std::exit(int)' should have been declared inside 'std'
In file included from conftest.cc:24:
/usr/include/stdlib.h:531: error: declaration of 'void std::exit(int) throw ()' throws different exceptions
conftest.cc:23: error: from previous declaration 'void std::exit(int)'
configure:4915: $? = 1
configure: failed program was:
| /* confdefs.h.  */
| 
| #define PACKAGE_NAME ""
| #define PACKAGE_TARNAME ""
| #define PACKAGE_VERSION ""
| #define PACKAGE_STRING ""
| #define PACKAGE_BUGREPORT ""
| #define PACKAGE "oprofile"
| #define VERSION "0.9.6"
| #define HAVE_DECL_BASENAME 1
| #define STDC_HEADERS 1
| #define HAVE_SYS_TYPES_H 1
| #define HAVE_SYS_STAT_H 1
| #define HAVE_STDLIB_H 1
| #define HAVE_STRING_H 1
| #define HAVE_MEMORY_H 1
| #define HAVE_STRINGS_H 1
| #define HAVE_INTTYPES_H 1
| #define HAVE_STDINT_H 1
| #define HAVE_UNISTD_H 1
| #define HAVE_DLFCN_H 1
| /* end confdefs.h.  */
| extern "C" void std::exit (int); using std::exit;
| #include <stdlib.h>
| int
| main ()
| {
| exit (42);
|   ;
|   return 0;
| }
configure:4909: g++ -c -g -O2  conftest.cc >&5
configure:4915: $? = 0
configure:4919: test -z 
			 || test ! -s conftest.err
configure:4922: $? = 0
configure:4925: test -s conftest.o
configure:4928: $? = 0
configure:4954: g++ -c -g -O2  conftest.cc >&5
configure:4960: $? = 0
configure:4964: test -z 
			 || test ! -s conftest.err
configure:4967: $? = 0
configure:4970: test -s conftest.o
configure:4973: $? = 0
configure:4998: checking dependency style of g++
configure:5088: result: gcc3
configure:5115: checking how to run the C++ preprocessor
configure:5146: g++ -E  conftest.cc
configure:5152: $? = 0
configure:5184: g++ -E  conftest.cc
conftest.cc:26:28: error: ac_nonexistent.h: No such file or directory
configure:5190: $? = 1
configure: failed program was:
| /* confdefs.h.  */
| 
| #define PACKAGE_NAME ""
| #define PACKAGE_TARNAME ""
| #define PACKAGE_VERSION ""
| #define PACKAGE_STRING ""
| #define PACKAGE_BUGREPORT ""
| #define PACKAGE "oprofile"
| #define VERSION "0.9.6"
| #define HAVE_DECL_BASENAME 1
| #define STDC_HEADERS 1
| #define HAVE_SYS_TYPES_H 1
| #define HAVE_SYS_STAT_H 1
| #define HAVE_STDLIB_H 1
| #define HAVE_STRING_H 1
| #define HAVE_MEMORY_H 1
| #define HAVE_STRINGS_H 1
| #define HAVE_INTTYPES_H 1
| #define HAVE_STDINT_H 1
| #define HAVE_UNISTD_H 1
| #define HAVE_DLFCN_H 1
| #ifdef __cplusplus
| extern "C" void exit (int) throw ();
| #endif
| /* end confdefs.h.  */
| #include <ac_nonexistent.h>
configure:5229: result: g++ -E
configure:5253: g++ -E  conftest.cc
configure:5259: $? = 0
configure:5291: g++ -E  conftest.cc
conftest.cc:26:28: error: ac_nonexistent.h: No such file or directory
configure:5297: $? = 1
configure: failed program was:
| /* confdefs.h.  */
| 
| #define PACKAGE_NAME ""
| #define PACKAGE_TARNAME ""
| #define PACKAGE_VERSION ""
| #define PACKAGE_STRING ""
| #define PACKAGE_BUGREPORT ""
| #define PACKAGE "oprofile"
| #define VERSION "0.9.6"
| #define HAVE_DECL_BASENAME 1
| #define STDC_HEADERS 1
| #define HAVE_SYS_TYPES_H 1
| #define HAVE_SYS_STAT_H 1
| #define HAVE_STDLIB_H 1
| #define HAVE_STRING_H 1
| #define HAVE_MEMORY_H 1
| #define HAVE_STRINGS_H 1
| #define HAVE_INTTYPES_H 1
| #define HAVE_STDINT_H 1
| #define HAVE_UNISTD_H 1
| #define HAVE_DLFCN_H 1
| #ifdef __cplusplus
| extern "C" void exit (int) throw ();
| #endif
| /* end confdefs.h.  */
| #include <ac_nonexistent.h>
configure:5394: checking for g77
configure:5423: result: no
configure:5394: checking for f77
configure:5423: result: no
configure:5394: checking for xlf
configure:5423: result: no
configure:5394: checking for frt
configure:5423: result: no
configure:5394: checking for pgf77
configure:5423: result: no
configure:5394: checking for fort77
configure:5423: result: no
configure:5394: checking for fl32
configure:5423: result: no
configure:5394: checking for af77
configure:5423: result: no
configure:5394: checking for f90
configure:5423: result: no
configure:5394: checking for xlf90
configure:5423: result: no
configure:5394: checking for pgf90
configure:5423: result: no
configure:5394: checking for epcf90
configure:5423: result: no
configure:5394: checking for f95
configure:5423: result: no
configure:5394: checking for fort
configure:5423: result: no
configure:5394: checking for xlf95
configure:5423: result: no
configure:5394: checking for ifc
configure:5423: result: no
configure:5394: checking for efc
configure:5423: result: no
configure:5394: checking for pgf95
configure:5423: result: no
configure:5394: checking for lf95
configure:5423: result: no
configure:5394: checking for gfortran
configure:5423: result: no
configure:5435: checking for Fortran 77 compiler version
configure:5438:  --version </dev/null >&5
./configure: line 5439: --version: command not found
configure:5441: $? = 127
configure:5443:  -v </dev/null >&5
./configure: line 5444: -v: command not found
configure:5446: $? = 127
configure:5448:  -V </dev/null >&5
./configure: line 5449: -V: command not found
configure:5451: $? = 127
configure:5459: checking whether we are using the GNU Fortran 77 compiler
configure:5473:  -c  conftest.F >&5
./configure: line 5474: -c: command not found
configure:5479: $? = 127
configure: failed program was:
|       program main
| #ifndef __GNUC__
|        choke me
| #endif
| 
|       end
configure:5505: result: no
configure:5511: checking whether  accepts -g
configure:5523:  -c -g conftest.f >&5
./configure: line 5524: -c: command not found
configure:5529: $? = 127
configure: failed program was:
|       program main
| 
|       end
configure:5554: result: no
configure:5584: checking the maximum length of command line arguments
configure:5693: result: 32768
configure:5704: checking command to parse /usr/bin/nm -B output from gcc object
configure:5809: gcc -c -g -O2  conftest.c >&5
configure:5812: $? = 0
configure:5816: /usr/bin/nm -B conftest.o \| sed -n -e 's/^.*[ 	]\([ABCDGIRSTW][ABCDGIRSTW]*\)[ 	][ 	]*\([_A-Za-z][_A-Za-z0-9]*\)$/\1 \2 \2/p' \> conftest.nm
configure:5819: $? = 0
configure:5871: gcc -o conftest -g -O2   conftest.c conftstm.o >&5
configure:5874: $? = 0
configure:5912: result: ok
configure:5916: checking for objdir
configure:5931: result: .libs
configure:6021: checking for ar
configure:6037: found /usr/bin/ar
configure:6048: result: ar
configure:6101: checking for ranlib
configure:6128: result: ranlib
configure:6181: checking for strip
configure:6197: found /usr/bin/strip
configure:6208: result: strip
configure:6480: checking if gcc supports -fno-rtti -fno-exceptions
configure:6498: gcc -c -g -O2  -fno-rtti -fno-exceptions conftest.c >&5
cc1: warning: command line option "-fno-rtti" is valid for C++/ObjC++ but not for C
configure:6502: $? = 0
configure:6515: result: no
configure:6530: checking for gcc option to produce PIC
configure:6740: result: -fPIC
configure:6748: checking if gcc PIC flag -fPIC works
configure:6766: gcc -c -g -O2  -fPIC -DPIC conftest.c >&5
configure:6770: $? = 0
configure:6783: result: yes
configure:6811: checking if gcc static flag -static works
configure:6839: result: yes
configure:6849: checking if gcc supports -c -o file.o
configure:6870: gcc -c -g -O2  -o out/conftest2.o conftest.c >&5
configure:6874: $? = 0
configure:6896: result: yes
configure:6922: checking whether the gcc linker (/usr/bin/ld) supports shared libraries
configure:7880: result: yes
configure:7901: checking whether -lc should be explicitly linked in
configure:7906: gcc -c -g -O2  conftest.c >&5
configure:7909: $? = 0
configure:7924: gcc -shared conftest.o  -v -Wl,-soname -Wl,conftest -o conftest 2\>\&1 \| grep  -lc  \>/dev/null 2\>\&1
configure:7927: $? = 0
configure:7939: result: no
configure:7947: checking dynamic linker characteristics
configure:8535: result: GNU/Linux ld.so
configure:8544: checking how to hardcode library paths into programs
configure:8569: result: immediate
configure:8583: checking whether stripping libraries is possible
configure:8588: result: yes
configure:9422: checking if libtool supports shared libraries
configure:9424: result: yes
configure:9427: checking whether to build shared libraries
configure:9448: result: yes
configure:9451: checking whether to build static libraries
configure:9455: result: yes
configure:9547: creating libtool
configure:10135: checking for ld used by g++
configure:10202: result: /usr/bin/ld
configure:10211: checking if the linker (/usr/bin/ld) is GNU ld
configure:10226: result: yes
configure:10277: checking whether the g++ linker (/usr/bin/ld) supports shared libraries
configure:11215: result: yes
configure:11233: g++ -c -g -O2  conftest.cpp >&5
configure:11236: $? = 0
configure:11355: checking for g++ option to produce PIC
configure:11629: result: -fPIC
configure:11637: checking if g++ PIC flag -fPIC works
configure:11655: g++ -c -g -O2  -fPIC -DPIC conftest.cpp >&5
configure:11659: $? = 0
configure:11672: result: yes
configure:11700: checking if g++ static flag -static works
configure:11728: result: yes
configure:11738: checking if g++ supports -c -o file.o
configure:11759: g++ -c -g -O2  -o out/conftest2.o conftest.cpp >&5
configure:11763: $? = 0
configure:11785: result: yes
configure:11811: checking whether the g++ linker (/usr/bin/ld) supports shared libraries
configure:11836: result: yes
configure:11903: checking dynamic linker characteristics
configure:12491: result: GNU/Linux ld.so
configure:12500: checking how to hardcode library paths into programs
configure:12525: result: immediate
configure:18772: checking for gcc
configure:18798: result: gcc
configure:19042: checking for C compiler version
configure:19045: gcc --version </dev/null >&5
gcc (GCC) 4.2.4 (Ubuntu 4.2.4-1ubuntu4)
Copyright (C) 2007 Free Software Foundation, Inc.
This is free software; see the source for copying conditions.  There is NO
warranty; not even for MERCHANTABILITY or FITNESS FOR A PARTICULAR PURPOSE.

configure:19048: $? = 0
configure:19050: gcc -v </dev/null >&5
Using built-in specs.
Target: i486-linux-gnu
Configured with: ../src/configure -v --enable-languages=c,c++,fortran,objc,obj-c++,treelang --prefix=/usr --enable-shared --with-system-zlib --libexecdir=/usr/lib --without-included-gettext --enable-threads=posix --enable-nls --with-gxx-include-dir=/usr/include/c++/4.2 --program-suffix=-4.2 --enable-clocale=gnu --enable-libstdcxx-debug --enable-objc-gc --enable-mpfr --enable-targets=all --enable-checking=release --build=i486-linux-gnu --host=i486-linux-gnu --target=i486-linux-gnu
Thread model: posix
gcc version 4.2.4 (Ubuntu 4.2.4-1ubuntu4)
configure:19053: $? = 0
configure:19055: gcc -V </dev/null >&5
gcc: '-V' option must have argument
configure:19058: $? = 1
configure:19061: checking whether we are using the GNU C compiler
configure:19117: result: yes
configure:19123: checking whether gcc accepts -g
configure:19174: result: yes
configure:19191: checking for gcc option to accept ANSI C
configure:19298: result: none needed
configure:19316: gcc -c -g -O2  conftest.c >&5
conftest.c:2: error: expected '=', ',', ';', 'asm' or '__attribute__' before 'me'
configure:19322: $? = 1
configure: failed program was:
| #ifndef __cplusplus
|   choke me
| #endif
configure:19457: checking dependency style of gcc
configure:19547: result: gcc3
configure:19569: checking how to run the C preprocessor
configure:19687: result: gcc -E
configure:19711: gcc -E  conftest.c
configure:19717: $? = 0
configure:19749: gcc -E  conftest.c
conftest.c:26:28: error: ac_nonexistent.h: No such file or directory
configure:19755: $? = 1
configure: failed program was:
| /* confdefs.h.  */
| 
| #define PACKAGE_NAME ""
| #define PACKAGE_TARNAME ""
| #define PACKAGE_VERSION ""
| #define PACKAGE_STRING ""
| #define PACKAGE_BUGREPORT ""
| #define PACKAGE "oprofile"
| #define VERSION "0.9.6"
| #define HAVE_DECL_BASENAME 1
| #define STDC_HEADERS 1
| #define HAVE_SYS_TYPES_H 1
| #define HAVE_SYS_STAT_H 1
| #define HAVE_STDLIB_H 1
| #define HAVE_STRING_H 1
| #define HAVE_MEMORY_H 1
| #define HAVE_STRINGS_H 1
| #define HAVE_INTTYPES_H 1
| #define HAVE_STDINT_H 1
| #define HAVE_UNISTD_H 1
| #define HAVE_DLFCN_H 1
| #ifdef __cplusplus
| extern "C" void exit (int) throw ();
| #endif
| /* end confdefs.h.  */
| #include <ac_nonexistent.h>
configure:19892: checking for C++ compiler version
configure:19895: g++ --version </dev/null >&5
g++ (GCC) 4.2.4 (Ubuntu 4.2.4-1ubuntu4)
Copyright (C) 2007 Free Software Foundation, Inc.
This is free software; see the source for copying conditions.  There is NO
warranty; not even for MERCHANTABILITY or FITNESS FOR A PARTICULAR PURPOSE.

configure:19898: $? = 0
configure:19900: g++ -v </dev/null >&5
Using built-in specs.
Target: i486-linux-gnu
Configured with: ../src/configure -v --enable-languages=c,c++,fortran,objc,obj-c++,treelang --prefix=/usr --enable-shared --with-system-zlib --libexecdir=/usr/lib --without-included-gettext --enable-threads=posix --enable-nls --with-gxx-include-dir=/usr/include/c++/4.2 --program-suffix=-4.2 --enable-clocale=gnu --enable-libstdcxx-debug --enable-objc-gc --enable-mpfr --enable-targets=all --enable-checking=release --build=i486-linux-gnu --host=i486-linux-gnu --target=i486-linux-gnu
Thread model: posix
gcc version 4.2.4 (Ubuntu 4.2.4-1ubuntu4)
configure:19903: $? = 0
configure:19905: g++ -V </dev/null >&5
g++: '-V' option must have argument
configure:19908: $? = 1
configure:19911: checking whether we are using the GNU C++ compiler
configure:19967: result: yes
configure:19973: checking whether g++ accepts -g
configure:20024: result: yes
configure:20066: g++ -c -g -O2  conftest.cc >&5
configure:20072: $? = 0
configure:20076: test -z 
			 || test ! -s conftest.err
configure:20079: $? = 0
configure:20082: test -s conftest.o
configure:20085: $? = 0
configure:20111: g++ -c -g -O2  conftest.cc >&5
configure:20117: $? = 0
configure:20121: test -z 
			 || test ! -s conftest.err
configure:20124: $? = 0
configure:20127: test -s conftest.o
configure:20130: $? = 0
configure:20155: checking dependency style of g++
configure:20245: result: gcc3
configure:20264: checking for ld
configure:20290: result: /usr/bin/ld
configure:20302: checking for kernel OProfile support
configure:20350: gcc -c -Iyes/include -O2 -D__KERNEL__  conftest.c >&5
conftest.c:26:28: error: linux/autoconf.h: No such file or directory
conftest.c: In function 'main':
conftest.c:32: error: stray '\' in program
conftest.c:32: error: stray '\' in program
configure:20356: $? = 1
configure: failed program was:
| /* confdefs.h.  */
| 
| #define PACKAGE_NAME ""
| #define PACKAGE_TARNAME ""
| #define PACKAGE_VERSION ""
| #define PACKAGE_STRING ""
| #define PACKAGE_BUGREPORT ""
| #define PACKAGE "oprofile"
| #define VERSION "0.9.6"
| #define HAVE_DECL_BASENAME 1
| #define STDC_HEADERS 1
| #define HAVE_SYS_TYPES_H 1
| #define HAVE_SYS_STAT_H 1
| #define HAVE_STDLIB_H 1
| #define HAVE_STRING_H 1
| #define HAVE_MEMORY_H 1
| #define HAVE_STRINGS_H 1
| #define HAVE_INTTYPES_H 1
| #define HAVE_STDINT_H 1
| #define HAVE_UNISTD_H 1
| #define HAVE_DLFCN_H 1
| #ifdef __cplusplus
| extern "C" void exit (int) throw ();
| #endif
| /* end confdefs.h.  */
| #include <linux/autoconf.h>
| int
| main ()
| {
| 
| #ifndef CONFIG_OPROFILE
| break_me_hard(\\);
| #endif
| 
|   ;
|   return 0;
| }
configure:20404: gcc -c -Iyes/include -O2 -D__KERNEL__  conftest.c >&5
conftest.c:26:28: error: linux/autoconf.h: No such file or directory
conftest.c: In function 'main':
conftest.c:32: error: stray '\' in program
conftest.c:32: error: stray '\' in program
configure:20410: $? = 1
configure: failed program was:
| /* confdefs.h.  */
| 
| #define PACKAGE_NAME ""
| #define PACKAGE_TARNAME ""
| #define PACKAGE_VERSION ""
| #define PACKAGE_STRING ""
| #define PACKAGE_BUGREPORT ""
| #define PACKAGE "oprofile"
| #define VERSION "0.9.6"
| #define HAVE_DECL_BASENAME 1
| #define STDC_HEADERS 1
| #define HAVE_SYS_TYPES_H 1
| #define HAVE_SYS_STAT_H 1
| #define HAVE_STDLIB_H 1
| #define HAVE_STRING_H 1
| #define HAVE_MEMORY_H 1
| #define HAVE_STRINGS_H 1
| #define HAVE_INTTYPES_H 1
| #define HAVE_STDINT_H 1
| #define HAVE_UNISTD_H 1
| #define HAVE_DLFCN_H 1
| #ifdef __cplusplus
| extern "C" void exit (int) throw ();
| #endif
| /* end confdefs.h.  */
| #include <linux/autoconf.h>
| int
| main ()
| {
| 
| #ifndef CONFIG_OPROFILE_MODULE
| break_me_hard(\\);
| #endif
| 
|   ;
|   return 0;
| }
configure:20436: result: no
configure:20455: error: no suitably configured kernel include tree found

## ---------------- ##
## Cache variables. ##
## ---------------- ##

ac_cv_build=i686-pc-linux-gnu
ac_cv_build_alias=i686-pc-linux-gnu
ac_cv_c_compiler_gnu=yes
ac_cv_cxx_compiler_gnu=yes
ac_cv_env_CC_set=
ac_cv_env_CC_value=
ac_cv_env_CFLAGS_set=
ac_cv_env_CFLAGS_value=
ac_cv_env_CPPFLAGS_set=
ac_cv_env_CPPFLAGS_value=
ac_cv_env_CPP_set=
ac_cv_env_CPP_value=
ac_cv_env_CXXCPP_set=
ac_cv_env_CXXCPP_value=
ac_cv_env_CXXFLAGS_set=
ac_cv_env_CXXFLAGS_value=
ac_cv_env_CXX_set=
ac_cv_env_CXX_value=
ac_cv_env_F77_set=
ac_cv_env_F77_value=
ac_cv_env_FFLAGS_set=
ac_cv_env_FFLAGS_value=
ac_cv_env_LDFLAGS_set=
ac_cv_env_LDFLAGS_value=
ac_cv_env_build_alias_set=
ac_cv_env_build_alias_value=
ac_cv_env_host_alias_set=
ac_cv_env_host_alias_value=
ac_cv_env_target_alias_set=
ac_cv_env_target_alias_value=
ac_cv_exeext=
ac_cv_f77_compiler_gnu=no
ac_cv_have_decl_basename=yes
ac_cv_header_dlfcn_h=yes
ac_cv_header_inttypes_h=yes
ac_cv_header_memory_h=yes
ac_cv_header_stdc=yes
ac_cv_header_stdint_h=yes
ac_cv_header_stdlib_h=yes
ac_cv_header_string_h=yes
ac_cv_header_strings_h=yes
ac_cv_header_sys_stat_h=yes
ac_cv_header_sys_types_h=yes
ac_cv_header_unistd_h=yes
ac_cv_host=i686-pc-linux-gnu
ac_cv_host_alias=i686-pc-linux-gnu
ac_cv_objext=o
ac_cv_path_install='/usr/bin/install -c'
ac_cv_prog_AWK=gawk
ac_cv_prog_CPP='gcc -E'
ac_cv_prog_CXXCPP='g++ -E'
ac_cv_prog_LD=/usr/bin/ld
ac_cv_prog_ac_ct_AR=ar
ac_cv_prog_ac_ct_CC=gcc
ac_cv_prog_ac_ct_CXX=g++
ac_cv_prog_ac_ct_RANLIB=ranlib
ac_cv_prog_ac_ct_STRIP=strip
ac_cv_prog_cc_g=yes
ac_cv_prog_cc_stdc=
ac_cv_prog_cxx_g=yes
ac_cv_prog_egrep='grep -E'
ac_cv_prog_f77_g=no
ac_cv_prog_make_make_set=yes
am_cv_CC_dependencies_compiler_type=gcc3
am_cv_CXX_dependencies_compiler_type=gcc3
lt_cv_deplibs_check_method=pass_all
lt_cv_file_magic_cmd='$MAGIC_CMD'
lt_cv_file_magic_test_file=
lt_cv_ld_reload_flag=-r
lt_cv_objdir=.libs
lt_cv_path_LD=/usr/bin/ld
lt_cv_path_LDCXX=/usr/bin/ld
lt_cv_path_NM='/usr/bin/nm -B'
lt_cv_path_SED=/bin/sed
lt_cv_prog_compiler_c_o=yes
lt_cv_prog_compiler_c_o_CXX=yes
lt_cv_prog_compiler_rtti_exceptions=no
lt_cv_prog_gnu_ld=yes
lt_cv_prog_gnu_ldcxx=yes
lt_cv_sys_global_symbol_pipe='sed -n -e '\''s/^.*[ 	]\([ABCDGIRSTW][ABCDGIRSTW]*\)[ 	][ 	]*\([_A-Za-z][_A-Za-z0-9]*\)$/\1 \2 \2/p'\'''
lt_cv_sys_global_symbol_to_c_name_address='sed -n -e '\''s/^: \([^ ]*\) $/  {\"\1\", (lt_ptr) 0},/p'\'' -e '\''s/^[BCDEGRST] \([^ ]*\) \([^ ]*\)$/  {"\2", (lt_ptr) \&\2},/p'\'''
lt_cv_sys_global_symbol_to_cdecl='sed -n -e '\''s/^. .* \(.*\)$/extern int \1;/p'\'''
lt_cv_sys_max_cmd_len=32768
lt_lt_cv_prog_compiler_c_o='"yes"'
lt_lt_cv_prog_compiler_c_o_CXX='"yes"'
lt_lt_cv_sys_global_symbol_pipe='"sed -n -e '\''s/^.*[ 	]\\([ABCDGIRSTW][ABCDGIRSTW]*\\)[ 	][ 	]*\\([_A-Za-z][_A-Za-z0-9]*\\)\$/\\1 \\2 \\2/p'\''"'
lt_lt_cv_sys_global_symbol_to_c_name_address='"sed -n -e '\''s/^: \\([^ ]*\\) \$/  {\\\"\\1\\\", (lt_ptr) 0},/p'\'' -e '\''s/^[BCDEGRST] \\([^ ]*\\) \\([^ ]*\\)\$/  {\"\\2\", (lt_ptr) \\&\\2},/p'\''"'
lt_lt_cv_sys_global_symbol_to_cdecl='"sed -n -e '\''s/^. .* \\(.*\\)\$/extern int \\1;/p'\''"'

## ----------------- ##
## Output variables. ##
## ----------------- ##

ACLOCAL='${SHELL} /home/blake/module/oprofile-0.9.6/missing --run aclocal-1.9'
AMDEPBACKSLASH='\'
AMDEP_FALSE='#'
AMDEP_TRUE=''
AMTAR='${SHELL} /home/blake/module/oprofile-0.9.6/missing --run tar'
AR='ar'
AUTOCONF='${SHELL} /home/blake/module/oprofile-0.9.6/missing --run autoconf'
AUTOHEADER='${SHELL} /home/blake/module/oprofile-0.9.6/missing --run autoheader'
AUTOMAKE='${SHELL} /home/blake/module/oprofile-0.9.6/missing --run automake-1.9'
AWK='gawk'
BFD_LIBS=''
BUILD_JVMPI_AGENT_FALSE=''
BUILD_JVMPI_AGENT_TRUE=''
BUILD_JVMTI_AGENT_FALSE=''
BUILD_JVMTI_AGENT_TRUE=''
CAT_ENTRY_END=''
CAT_ENTRY_START=''
CC='gcc'
CCDEPMODE='depmode=gcc3'
CFLAGS='-g -O2'
CPP='gcc -E'
CPPFLAGS=''
CXX='g++'
CXXCPP='g++ -E'
CXXDEPMODE='depmode=gcc3'
CXXFLAGS='-g -O2'
CYGPATH_W='echo'
DATE='Fri 26 November 2010'
DEFS=''
DEPDIR='.deps'
DOCBOOK_ROOT=''
ECHO='echo'
ECHO_C=''
ECHO_N='-n'
ECHO_T=''
EGREP='grep -E'
EXEEXT=''
EXTRA_CFLAGS_MODULE=''
F77=''
FFLAGS=''
INSTALL_DATA='${INSTALL} -m 644'
INSTALL_PROGRAM='${INSTALL}'
INSTALL_SCRIPT='${INSTALL}'
INSTALL_STRIP_PROGRAM='${SHELL} $(install_sh) -c -s'
JAVA_HOMEDIR=''
KINC='yes/include'
KSRC='yes'
KVERS=''
LD='/usr/bin/ld'
LDFLAGS=''
LIBERTY_LIBS=''
LIBOBJS=''
LIBS=''
LIBTOOL='$(SHELL) $(top_builddir)/libtool'
LN_S='ln -s'
LTLIBOBJS=''
MAKEINFO='${SHELL} /home/blake/module/oprofile-0.9.6/missing --run makeinfo'
MOC=''
MODINSTALLDIR=''
OBJEXT='o'
OPROFILE_DIR='/home/blake/module/oprofile-0.9.6'
OPROFILE_MODULE_ARCH=''
OP_CFLAGS=''
OP_CXXFLAGS=''
OP_DOCDIR=''
PACKAGE='oprofile'
PACKAGE_BUGREPORT=''
PACKAGE_NAME=''
PACKAGE_STRING=''
PACKAGE_TARNAME=''
PACKAGE_VERSION=''
PATH_SEPARATOR=':'
POPT_LIBS=''
PTRDIFF_T_TYPE=''
QT_INCLUDES=''
QT_LDFLAGS=''
QT_LIB=''
QT_VERSION=''
RANLIB='ranlib'
SET_MAKE=''
SHELL='/bin/bash'
SIZE_T_TYPE=''
STRIP='strip'
UIC=''
VERSION='0.9.6'
XML_CATALOG=''
XSLTPROC=''
XSLTPROC_FLAGS=''
X_CFLAGS=''
X_EXTRA_LIBS=''
X_LIBS=''
X_PRE_LIBS=''
ac_ct_AR='ar'
ac_ct_CC='gcc'
ac_ct_CXX='g++'
ac_ct_F77=''
ac_ct_RANLIB='ranlib'
ac_ct_STRIP='strip'
am__fastdepCC_FALSE='#'
am__fastdepCC_TRUE=''
am__fastdepCXX_FALSE='#'
am__fastdepCXX_TRUE=''
am__include='include'
am__leading_dot='.'
am__quote=''
am__tar='${AMTAR} chof - "$$tardir"'
am__untar='${AMTAR} xf -'
bindir='${exec_prefix}/bin'
build='i686-pc-linux-gnu'
build_alias=''
build_cpu='i686'
build_os='linux-gnu'
build_vendor='pc'
datadir='${prefix}/share'
exec_prefix='NONE'
have_qt_FALSE=''
have_qt_TRUE=''
have_xsltproc_FALSE=''
have_xsltproc_TRUE=''
host='i686-pc-linux-gnu'
host_alias=''
host_cpu='i686'
host_os='linux-gnu'
host_vendor='pc'
includedir='${prefix}/include'
infodir='${prefix}/info'
install_sh='/home/blake/module/oprofile-0.9.6/install-sh'
kernel_support_FALSE=''
kernel_support_TRUE='#'
libdir='${exec_prefix}/lib'
libexecdir='${exec_prefix}/libexec'
localstatedir='${prefix}/var'
mandir='${prefix}/man'
mkdir_p='mkdir -p --'
oldincludedir='/usr/include'
prefix='NONE'
program_transform_name='s,x,x,'
sbindir='${exec_prefix}/sbin'
sharedstatedir='${prefix}/com'
sysconfdir='${prefix}/etc'
target_alias=''
topdir=''

## ----------- ##
## confdefs.h. ##
## ----------- ##

#define HAVE_DECL_BASENAME 1
#define HAVE_DLFCN_H 1
#define HAVE_INTTYPES_H 1
#define HAVE_MEMORY_H 1
#define HAVE_STDINT_H 1
#define HAVE_STDLIB_H 1
#define HAVE_STRINGS_H 1
#define HAVE_STRING_H 1
#define HAVE_SYS_STAT_H 1
#define HAVE_SYS_TYPES_H 1
#define HAVE_UNISTD_H 1
#define PACKAGE "oprofile"
#define PACKAGE_BUGREPORT ""
#define PACKAGE_NAME ""
#define PACKAGE_STRING ""
#define PACKAGE_TARNAME ""
#define PACKAGE_VERSION ""
#define STDC_HEADERS 1
#define VERSION "0.9.6"
#endif
#ifdef __cplusplus
extern "C" void exit (int) throw ();

configure: exit 1
